<?xml version="1.0" encoding="UTF-8"?>
<!-- Generated by org.testng.reporters.JUnitReportReporter -->
<testsuite skipped="0" hostname="DESKTOP-8HRUTEJ" name="com.kiran.smava.testScripts.TC002_UserDetails" tests="1" failures="0" timestamp="16 Sep 2017 13:35:17 GMT" time="11.572" errors="0">
  <testcase name="signIn" time="11.572" classname="com.kiran.smava.testScripts.TC002_UserDetails"/>
</testsuite> <!-- com.kiran.smava.testScripts.TC002_UserDetails -->
