<?xml version="1.0" encoding="UTF-8"?>
<!-- Generated by org.testng.reporters.JUnitReportReporter -->
<testsuite skipped="0" hostname="DESKTOP-8HRUTEJ" name="com.kiran.smava.testScripts.TC001_LoanSelection" tests="1" failures="0" timestamp="16 Sep 2017 15:58:18 GMT" time="76.926" errors="0">
  <testcase name="UserDetails" time="76.926" classname="com.kiran.smava.testScripts.TC001_LoanSelection"/>
</testsuite> <!-- com.kiran.smava.testScripts.TC001_LoanSelection -->
